Using pre-set license
Built from '2020.2/staging' branch; Version is '2020.2.6f1 (8a2143876886) revision 9052483'; Using compiler version '192528614'; Build Type 'Release'
OS: 'Windows 10 Home; OS build 19042.1110; Version 2009; 64bit' Language: 'en' Physical Memory: 16204 MB
BatchMode: 1, IsHumanControllingUs: 0, StartBugReporterOnCrash: 0, Is64bit: 1, IsPro: 0

 COMMAND LINE ARGUMENTS:
C:\Program Files\Unity\Hub\Editor\2020.2.6f1\Editor\Unity.exe
-adb2
-batchMode
-noUpm
-name
AssetImportWorker1
-projectPath
C:/GitHub/Unity/InfiniteRunner/InfiniteRunner
-logFile
Logs/AssetImportWorker1.log
-srvPort
62440
Successfully changed project path to: C:/GitHub/Unity/InfiniteRunner/InfiniteRunner
C:/GitHub/Unity/InfiniteRunner/InfiniteRunner
Using Asset Import Pipeline V2.
Refreshing native plugins compatible for Editor in 18.74 ms, found 0 plugins.
Preloading 0 native plugins for Editor in 0.00 ms.
Initialize engine version: 2020.2.6f1 (8a2143876886)
[Subsystems] Discovering subsystems at path C:/Program Files/Unity/Hub/Editor/2020.2.6f1/Editor/Data/Resources/UnitySubsystems
[Subsystems] Discovering subsystems at path C:/GitHub/Unity/InfiniteRunner/InfiniteRunner/Assets
GfxDevice: creating device client; threaded=0
Direct3D:
    Version:  Direct3D 11.0 [level 11.1]
    Renderer: NVIDIA GeForce RTX 2060 (ID=0x1f15)
    Vendor:   
    VRAM:     5980 MB
    Driver:   27.21.14.6589
Initialize mono
Mono path[0] = 'C:/Program Files/Unity/Hub/Editor/2020.2.6f1/Editor/Data/Managed'
Mono path[1] = 'C:/Program Files/Unity/Hub/Editor/2020.2.6f1/Editor/Data/MonoBleedingEdge/lib/mono/unityjit'
Mono config path = 'C:/Program Files/Unity/Hub/Editor/2020.2.6f1/Editor/Data/MonoBleedingEdge/etc'
Using monoOptions --debugger-agent=transport=dt_socket,embedding=1,server=y,suspend=n,address=127.0.0.1:56872
Begin MonoManager ReloadAssembly
Registering precompiled unity dll's ...
Register platform support module: C:/Program Files/Unity/Hub/Editor/2020.2.6f1/Editor/Data/PlaybackEngines/WindowsStandaloneSupport/UnityEditor.WindowsStandalone.Extensions.dll
Registered in 0.001549 seconds.
Native extension for WindowsStandalone target not found
Refreshing native plugins compatible for Editor in 19.74 ms, found 0 plugins.
Preloading 0 native plugins for Editor in 0.00 ms.
Invoked RoslynAnalysisRunner static constructor.
RoslynAnalysisRunner will not be running.
RoslynAnalysisRunner has terminated.
Mono: successfully reloaded assembly
- Completed reload, in  0.915 seconds
Platform modules already initialized, skipping
Registering precompiled user dll's ...
Registered in 0.000535 seconds.
Begin MonoManager ReloadAssembly
Native extension for WindowsStandalone target not found
Refreshing native plugins compatible for Editor in 0.18 ms, found 0 plugins.
Preloading 0 native plugins for Editor in 0.00 ms.
Invoked RoslynAnalysisRunner static constructor.
RoslynAnalysisRunner will not be running.
RoslynAnalysisRunner has terminated.
Mono: successfully reloaded assembly
- Completed reload, in  0.663 seconds
Platform modules already initialized, skipping
========================================================================
Worker process is ready to serve import requests
Launched and connected shader compiler UnityShaderCompiler.exe after 0.04 seconds
Refreshing native plugins compatible for Editor in 0.18 ms, found 0 plugins.
Preloading 0 native plugins for Editor in 0.00 ms.
Unloading 1108 Unused Serialized files (Serialized files now loaded: 0)
System memory in use before: 57.2 MB.
System memory in use after: 57.3 MB.

Unloading 10 unused Assets to reduce memory usage. Loaded Objects now: 1550.
Total: 1.507300 ms (FindLiveObjects: 0.107600 ms CreateObjectMapping: 0.032500 ms MarkObjects: 1.272400 ms  DeleteObjects: 0.094100 ms)

========================================================================
Received Import Request.
  path: Assets/Course Library/Sound/SFX
  artifactKey: Guid(bafa4249fee244c6f8618214665cec29) Importer(815301076,1909f56bfc062723c751e8b465ee728b)
Start importing Assets/Course Library/Sound/SFX using Guid(bafa4249fee244c6f8618214665cec29) Importer(815301076,1909f56bfc062723c751e8b465ee728b)  -> (artifact id: 'b24a0d43d473c6c78b34a28e8989f6b5') in 0.003242 seconds
  Import took 0.004615 seconds .

========================================================================
Received Import Request.
  Time since last request: 0.000203 seconds.
  path: Assets/Course Library/Sound/SFX/crash2.wav
  artifactKey: Guid(913d6445ee8cc4152a9c18da590ee203) Importer(815301076,1909f56bfc062723c751e8b465ee728b)
Start importing Assets/Course Library/Sound/SFX/crash2.wav using Guid(913d6445ee8cc4152a9c18da590ee203) Importer(815301076,1909f56bfc062723c751e8b465ee728b)  -> (artifact id: 'df5b62b6e9a17c78379343dc5c965a19') in 0.070516 seconds
  Import took 0.071903 seconds .

========================================================================
Received Import Request.
  Time since last request: 0.000165 seconds.
  path: Assets/Course Library/Sound/SFX/jump1.wav
  artifactKey: Guid(08ab7053d586c458db3774d33c141a4b) Importer(815301076,1909f56bfc062723c751e8b465ee728b)
Start importing Assets/Course Library/Sound/SFX/jump1.wav using Guid(08ab7053d586c458db3774d33c141a4b) Importer(815301076,1909f56bfc062723c751e8b465ee728b)  -> (artifact id: '07e0a3c8fba1fd2a9d239f8baf165e31') in 0.007838 seconds
  Import took 0.009326 seconds .

========================================================================
Received Import Request.
  Time since last request: 0.000218 seconds.
  path: Assets/Course Library/Sound/SFX/crash1.wav
  artifactKey: Guid(4bcde6de2166e41e284ec46d8a01fb90) Importer(815301076,1909f56bfc062723c751e8b465ee728b)
Start importing Assets/Course Library/Sound/SFX/crash1.wav using Guid(4bcde6de2166e41e284ec46d8a01fb90) Importer(815301076,1909f56bfc062723c751e8b465ee728b)  -> (artifact id: '47cb755e21ccd6300d5a7e650486022f') in 0.009473 seconds
  Import took 0.011017 seconds .

========================================================================
Received Import Request.
  Time since last request: 0.000149 seconds.
  path: Assets/Course Library/Sound/SFX/jump3.wav
  artifactKey: Guid(113ee460fadc340e4957a7404a9fbb27) Importer(815301076,1909f56bfc062723c751e8b465ee728b)
Start importing Assets/Course Library/Sound/SFX/jump3.wav using Guid(113ee460fadc340e4957a7404a9fbb27) Importer(815301076,1909f56bfc062723c751e8b465ee728b)  -> (artifact id: '10a56fdd4f5671999049ef749bed2759') in 0.012188 seconds
  Import took 0.013737 seconds .

========================================================================
Received Import Request.
  Time since last request: 0.000164 seconds.
  path: Assets/Course Library/Sound/SFX/crash1.wav
  artifactKey: Guid(4bcde6de2166e41e284ec46d8a01fb90) Importer(815301076,1909f56bfc062723c751e8b465ee728b)
Start importing Assets/Course Library/Sound/SFX/crash1.wav using Guid(4bcde6de2166e41e284ec46d8a01fb90) Importer(815301076,1909f56bfc062723c751e8b465ee728b)  -> (artifact id: '47cb755e21ccd6300d5a7e650486022f') in 0.006208 seconds
  Import took 0.007720 seconds .

========================================================================
Received Import Request.
  Time since last request: 0.000156 seconds.
  path: Assets/Course Library/Sound/SFX/jump2.wav
  artifactKey: Guid(0f7d0b7c3397f4dac91f20e8a77d2d57) Importer(815301076,1909f56bfc062723c751e8b465ee728b)
Start importing Assets/Course Library/Sound/SFX/jump2.wav using Guid(0f7d0b7c3397f4dac91f20e8a77d2d57) Importer(815301076,1909f56bfc062723c751e8b465ee728b)  -> (artifact id: 'efe725f9ad2e1acd27e4f83173d04ef0') in 0.010672 seconds
  Import took 0.012269 seconds .

========================================================================
Received Import Request.
  Time since last request: 0.000210 seconds.
  path: Assets/Course Library/Sound/SFX/crash3.wav
  artifactKey: Guid(e7ee25a47d63b46cdaf65480d62b405c) Importer(815301076,1909f56bfc062723c751e8b465ee728b)
Start importing Assets/Course Library/Sound/SFX/crash3.wav using Guid(e7ee25a47d63b46cdaf65480d62b405c) Importer(815301076,1909f56bfc062723c751e8b465ee728b)  -> (artifact id: 'ef0e73c01b3ccc91d348f357ed425c62') in 0.008482 seconds
  Import took 0.010158 seconds .

========================================================================
Received Prepare
Registering precompiled user dll's ...
Registered in 0.000527 seconds.
Begin MonoManager ReloadAssembly
Native extension for WindowsStandalone target not found
Refreshing native plugins compatible for Editor in 0.19 ms, found 0 plugins.
Preloading 0 native plugins for Editor in 0.00 ms.
Invoked RoslynAnalysisRunner static constructor.
RoslynAnalysisRunner will not be running.
RoslynAnalysisRunner has terminated.
Mono: successfully reloaded assembly
- Completed reload, in  0.667 seconds
Platform modules already initialized, skipping
Refreshing native plugins compatible for Editor in 0.20 ms, found 0 plugins.
Preloading 0 native plugins for Editor in 0.00 ms.
Unloading 1102 Unused Serialized files (Serialized files now loaded: 0)
System memory in use before: 60.2 MB.
System memory in use after: 60.3 MB.

Unloading 5 unused Assets to reduce memory usage. Loaded Objects now: 1561.
Total: 1.438500 ms (FindLiveObjects: 0.107900 ms CreateObjectMapping: 0.031300 ms MarkObjects: 1.240100 ms  DeleteObjects: 0.058300 ms)

========================================================================
Received Prepare
Registering precompiled user dll's ...
Registered in 0.000518 seconds.
Begin MonoManager ReloadAssembly
Native extension for WindowsStandalone target not found
Refreshing native plugins compatible for Editor in 0.18 ms, found 0 plugins.
Preloading 0 native plugins for Editor in 0.00 ms.
Invoked RoslynAnalysisRunner static constructor.
RoslynAnalysisRunner will not be running.
RoslynAnalysisRunner has terminated.
Mono: successfully reloaded assembly
- Completed reload, in  0.688 seconds
Platform modules already initialized, skipping
Refreshing native plugins compatible for Editor in 0.18 ms, found 0 plugins.
Preloading 0 native plugins for Editor in 0.00 ms.
Unloading 1102 Unused Serialized files (Serialized files now loaded: 0)
System memory in use before: 60.3 MB.
System memory in use after: 60.3 MB.

Unloading 5 unused Assets to reduce memory usage. Loaded Objects now: 1563.
Total: 1.239700 ms (FindLiveObjects: 0.115900 ms CreateObjectMapping: 0.028300 ms MarkObjects: 1.029600 ms  DeleteObjects: 0.065000 ms)

========================================================================
Received Prepare
Registering precompiled user dll's ...
Registered in 0.000466 seconds.
Begin MonoManager ReloadAssembly
Native extension for WindowsStandalone target not found
Refreshing native plugins compatible for Editor in 0.23 ms, found 0 plugins.
Preloading 0 native plugins for Editor in 0.00 ms.
Invoked RoslynAnalysisRunner static constructor.
RoslynAnalysisRunner will not be running.
RoslynAnalysisRunner has terminated.
Mono: successfully reloaded assembly
- Completed reload, in  0.676 seconds
Platform modules already initialized, skipping
Refreshing native plugins compatible for Editor in 0.19 ms, found 0 plugins.
Preloading 0 native plugins for Editor in 0.00 ms.
Unloading 1102 Unused Serialized files (Serialized files now loaded: 0)
System memory in use before: 60.3 MB.
System memory in use after: 60.4 MB.

Unloading 5 unused Assets to reduce memory usage. Loaded Objects now: 1565.
Total: 1.277600 ms (FindLiveObjects: 0.104300 ms CreateObjectMapping: 0.028900 ms MarkObjects: 1.106800 ms  DeleteObjects: 0.037000 ms)

========================================================================
Received Prepare
Registering precompiled user dll's ...
Registered in 0.000428 seconds.
Begin MonoManager ReloadAssembly
Native extension for WindowsStandalone target not found
Refreshing native plugins compatible for Editor in 0.18 ms, found 0 plugins.
Preloading 0 native plugins for Editor in 0.00 ms.
Invoked RoslynAnalysisRunner static constructor.
RoslynAnalysisRunner will not be running.
RoslynAnalysisRunner has terminated.
Mono: successfully reloaded assembly
- Completed reload, in  0.659 seconds
Platform modules already initialized, skipping
Refreshing native plugins compatible for Editor in 0.19 ms, found 0 plugins.
Preloading 0 native plugins for Editor in 0.00 ms.
Unloading 1102 Unused Serialized files (Serialized files now loaded: 0)
System memory in use before: 60.3 MB.
System memory in use after: 60.4 MB.

Unloading 5 unused Assets to reduce memory usage. Loaded Objects now: 1567.
Total: 1.281500 ms (FindLiveObjects: 0.128600 ms CreateObjectMapping: 0.034000 ms MarkObjects: 1.080800 ms  DeleteObjects: 0.037100 ms)

========================================================================
Received Prepare
Registering precompiled user dll's ...
Registered in 0.000523 seconds.
Begin MonoManager ReloadAssembly
Native extension for WindowsStandalone target not found
Refreshing native plugins compatible for Editor in 0.18 ms, found 0 plugins.
Preloading 0 native plugins for Editor in 0.00 ms.
Invoked RoslynAnalysisRunner static constructor.
RoslynAnalysisRunner will not be running.
RoslynAnalysisRunner has terminated.
Mono: successfully reloaded assembly
- Completed reload, in  0.622 seconds
Platform modules already initialized, skipping
Refreshing native plugins compatible for Editor in 0.18 ms, found 0 plugins.
Preloading 0 native plugins for Editor in 0.00 ms.
Unloading 1102 Unused Serialized files (Serialized files now loaded: 0)
System memory in use before: 60.3 MB.
System memory in use after: 60.4 MB.

Unloading 5 unused Assets to reduce memory usage. Loaded Objects now: 1569.
Total: 1.433900 ms (FindLiveObjects: 0.104400 ms CreateObjectMapping: 0.027900 ms MarkObjects: 1.260800 ms  DeleteObjects: 0.040000 ms)

========================================================================
Received Prepare
Registering precompiled user dll's ...
Registered in 0.000549 seconds.
Begin MonoManager ReloadAssembly
Native extension for WindowsStandalone target not found
Refreshing native plugins compatible for Editor in 0.18 ms, found 0 plugins.
Preloading 0 native plugins for Editor in 0.00 ms.
Invoked RoslynAnalysisRunner static constructor.
RoslynAnalysisRunner will not be running.
RoslynAnalysisRunner has terminated.
Mono: successfully reloaded assembly
- Completed reload, in  0.606 seconds
Platform modules already initialized, skipping
Refreshing native plugins compatible for Editor in 0.18 ms, found 0 plugins.
Preloading 0 native plugins for Editor in 0.00 ms.
Unloading 1102 Unused Serialized files (Serialized files now loaded: 0)
System memory in use before: 60.3 MB.
System memory in use after: 60.4 MB.

Unloading 5 unused Assets to reduce memory usage. Loaded Objects now: 1571.
Total: 1.847500 ms (FindLiveObjects: 0.305200 ms CreateObjectMapping: 0.057600 ms MarkObjects: 1.384600 ms  DeleteObjects: 0.084100 ms)

========================================================================
Received Prepare
Registering precompiled user dll's ...
Registered in 0.000480 seconds.
Begin MonoManager ReloadAssembly
Native extension for WindowsStandalone target not found
Refreshing native plugins compatible for Editor in 0.18 ms, found 0 plugins.
Preloading 0 native plugins for Editor in 0.00 ms.
Invoked RoslynAnalysisRunner static constructor.
RoslynAnalysisRunner will not be running.
RoslynAnalysisRunner has terminated.
Mono: successfully reloaded assembly
- Completed reload, in  0.621 seconds
Platform modules already initialized, skipping
Refreshing native plugins compatible for Editor in 0.19 ms, found 0 plugins.
Preloading 0 native plugins for Editor in 0.00 ms.
Unloading 1102 Unused Serialized files (Serialized files now loaded: 0)
System memory in use before: 60.4 MB.
System memory in use after: 60.4 MB.

Unloading 5 unused Assets to reduce memory usage. Loaded Objects now: 1573.
Total: 1.549400 ms (FindLiveObjects: 0.123300 ms CreateObjectMapping: 0.032600 ms MarkObjects: 1.319500 ms  DeleteObjects: 0.073200 ms)

========================================================================
Received Import Request.
  Time since last request: 2339.538352 seconds.
  path: Assets/Course Library/_Source_Files/Materials/SimplePeople_Waitress_White.mat
  artifactKey: Guid(3d7b59a287cb2c444baeeaaaba1f7468) Importer(815301076,1909f56bfc062723c751e8b465ee728b)
Start importing Assets/Course Library/_Source_Files/Materials/SimplePeople_Waitress_White.mat using Guid(3d7b59a287cb2c444baeeaaaba1f7468) Importer(815301076,1909f56bfc062723c751e8b465ee728b)  -> (artifact id: '0354c3b1d5923d5155fd7d375e1ffd44') in 0.066038 seconds
  Import took 0.068242 seconds .

========================================================================
Received Import Request.
  Time since last request: 0.000260 seconds.
  path: Assets/Course Library/_Source_Files/Materials/SimplePeople_RoadWorker_White.mat
  artifactKey: Guid(7cbaac20d34fa5d4eb775ebf3e14e643) Importer(815301076,1909f56bfc062723c751e8b465ee728b)
Start importing Assets/Course Library/_Source_Files/Materials/SimplePeople_RoadWorker_White.mat using Guid(7cbaac20d34fa5d4eb775ebf3e14e643) Importer(815301076,1909f56bfc062723c751e8b465ee728b)  -> (artifact id: 'b1a79f298aeebd2d0798546ccd33942f') in 0.012193 seconds
  Import took 0.014247 seconds .

========================================================================
Received Import Request.
  Time since last request: 0.000277 seconds.
  path: Assets/Course Library/_Source_Files/Materials/SimplePeople_Waitress_Black.mat
  artifactKey: Guid(95db71c87bb7ddc43a6594071030bc9c) Importer(815301076,1909f56bfc062723c751e8b465ee728b)
Start importing Assets/Course Library/_Source_Files/Materials/SimplePeople_Waitress_Black.mat using Guid(95db71c87bb7ddc43a6594071030bc9c) Importer(815301076,1909f56bfc062723c751e8b465ee728b)  -> (artifact id: 'd856cd27635b5914817f01e8e4ddbea4') in 0.012918 seconds
  Import took 0.014965 seconds .

========================================================================
Received Import Request.
  Time since last request: 0.000178 seconds.
  path: Assets/Course Library/_Source_Files/Materials/SimplePeople_Punk_White.mat
  artifactKey: Guid(34c2d8b1b19253547badb55d82bb8103) Importer(815301076,1909f56bfc062723c751e8b465ee728b)
Start importing Assets/Course Library/_Source_Files/Materials/SimplePeople_Punk_White.mat using Guid(34c2d8b1b19253547badb55d82bb8103) Importer(815301076,1909f56bfc062723c751e8b465ee728b)  -> (artifact id: '6e87e4379fcba5a690868287499c2305') in 0.011540 seconds
  Import took 0.013800 seconds .

========================================================================
Received Import Request.
  Time since last request: 0.000173 seconds.
  path: Assets/Course Library/_Source_Files/Materials/SimplePeople_RoadWorker_Black.mat
  artifactKey: Guid(27d5bc9fe48a1ba4f8389809b897e6cb) Importer(815301076,1909f56bfc062723c751e8b465ee728b)
Start importing Assets/Course Library/_Source_Files/Materials/SimplePeople_RoadWorker_Black.mat using Guid(27d5bc9fe48a1ba4f8389809b897e6cb) Importer(815301076,1909f56bfc062723c751e8b465ee728b)  -> (artifact id: '4be7068ebf084718617a3ae02c118e37') in 0.011761 seconds
  Import took 0.013854 seconds .

========================================================================
Received Import Request.
  Time since last request: 0.000304 seconds.
  path: Assets/Course Library/_Source_Files/Materials/SimplePort.mat
  artifactKey: Guid(46f69b2efbd76a744906e46f98d0e35b) Importer(815301076,1909f56bfc062723c751e8b465ee728b)
Start importing Assets/Course Library/_Source_Files/Materials/SimplePort.mat using Guid(46f69b2efbd76a744906e46f98d0e35b) Importer(815301076,1909f56bfc062723c751e8b465ee728b)  -> (artifact id: '4877133d999189366b3e7b4c5de43b9b') in 0.021374 seconds
  Import took 0.022944 seconds .

========================================================================
Received Import Request.
  Time since last request: 0.000168 seconds.
  path: Assets/Course Library/_Source_Files/Materials/SimplePeople_RoadWorker_Black.mat
  artifactKey: Guid(27d5bc9fe48a1ba4f8389809b897e6cb) Importer(815301076,1909f56bfc062723c751e8b465ee728b)
Start importing Assets/Course Library/_Source_Files/Materials/SimplePeople_RoadWorker_Black.mat using Guid(27d5bc9fe48a1ba4f8389809b897e6cb) Importer(815301076,1909f56bfc062723c751e8b465ee728b)  -> (artifact id: '4be7068ebf084718617a3ae02c118e37') in 0.006008 seconds
  Import took 0.007553 seconds .

========================================================================
Received Import Request.
  Time since last request: 0.000173 seconds.
  path: Assets/Course Library/_Source_Files/Materials/SimplePeople_Waitress_Brown.mat
  artifactKey: Guid(7a72a6e6dc8f7894b982c3d079fd3272) Importer(815301076,1909f56bfc062723c751e8b465ee728b)
Start importing Assets/Course Library/_Source_Files/Materials/SimplePeople_Waitress_Brown.mat using Guid(7a72a6e6dc8f7894b982c3d079fd3272) Importer(815301076,1909f56bfc062723c751e8b465ee728b)  -> (artifact id: 'd4f18e92b991ef66b8f7960932e7ac32') in 0.012960 seconds
  Import took 0.014661 seconds .

========================================================================
Received Import Request.
  Time since last request: 0.000196 seconds.
  path: Assets/Course Library/_Source_Files/Materials/SimplePeople_RoadWorker_Brown.mat
  artifactKey: Guid(90dcbab6fadc3d84db8a80a47e8012cf) Importer(815301076,1909f56bfc062723c751e8b465ee728b)
Start importing Assets/Course Library/_Source_Files/Materials/SimplePeople_RoadWorker_Brown.mat using Guid(90dcbab6fadc3d84db8a80a47e8012cf) Importer(815301076,1909f56bfc062723c751e8b465ee728b)  -> (artifact id: '7580f75f7d8fcec0e3a88ccbcc66e983') in 0.011169 seconds
  Import took 0.012987 seconds .

========================================================================
Received Import Request.
  Time since last request: 0.004278 seconds.
  path: Assets/Course Library/_Source_Files/Materials/SimplePeople_Waitress_Brown.mat
  artifactKey: Guid(7a72a6e6dc8f7894b982c3d079fd3272) Importer(815301076,1909f56bfc062723c751e8b465ee728b)
Start importing Assets/Course Library/_Source_Files/Materials/SimplePeople_Waitress_Brown.mat using Guid(7a72a6e6dc8f7894b982c3d079fd3272) Importer(815301076,1909f56bfc062723c751e8b465ee728b)  -> (artifact id: 'd4f18e92b991ef66b8f7960932e7ac32') in 0.007479 seconds
  Import took 0.009379 seconds .

========================================================================
Received Import Request.
  Time since last request: 0.216804 seconds.
  path: Assets/Course Library/_Source_Files/Materials/SimplePeople_Punk_Black.mat
  artifactKey: Guid(cba661a44d31ac342b6e3f75f0701f9e) Importer(815301076,1909f56bfc062723c751e8b465ee728b)
Start importing Assets/Course Library/_Source_Files/Materials/SimplePeople_Punk_Black.mat using Guid(cba661a44d31ac342b6e3f75f0701f9e) Importer(815301076,1909f56bfc062723c751e8b465ee728b)  -> (artifact id: 'bca071451bb0faa5c7131ab22db2f741') in 0.011211 seconds
  Import took 0.012770 seconds .

========================================================================
Received Import Request.
  Time since last request: 0.000249 seconds.
  path: Assets/Course Library/_Source_Files/Materials/SimplePeople_Punk_Brown.mat
  artifactKey: Guid(848858d55d6e52e46a6c23cbb76aa006) Importer(815301076,1909f56bfc062723c751e8b465ee728b)
Start importing Assets/Course Library/_Source_Files/Materials/SimplePeople_Punk_Brown.mat using Guid(848858d55d6e52e46a6c23cbb76aa006) Importer(815301076,1909f56bfc062723c751e8b465ee728b)  -> (artifact id: 'f226c517f794f95dafe24cbccbc0be5d') in 0.013130 seconds
  Import took 0.015147 seconds .

========================================================================
Received Import Request.
  Time since last request: 0.045858 seconds.
  path: Assets/Course Library/_Source_Files/Materials/SimplePeople_BusinessMan_White.mat
  artifactKey: Guid(497bbddce010fea4da3dcb5c5210ad16) Importer(815301076,1909f56bfc062723c751e8b465ee728b)
Start importing Assets/Course Library/_Source_Files/Materials/SimplePeople_BusinessMan_White.mat using Guid(497bbddce010fea4da3dcb5c5210ad16) Importer(815301076,1909f56bfc062723c751e8b465ee728b)  -> (artifact id: '32d9f6d9c95f3e0cb4c41c34f3dbc6de') in 0.011090 seconds
  Import took 0.012686 seconds .

========================================================================
Received Import Request.
  Time since last request: 0.000168 seconds.
  path: Assets/Course Library/_Source_Files/Materials/SimplePeople_Doctor_Brown.mat
  artifactKey: Guid(eb10910f153c6cc4585a14616bd3d32e) Importer(815301076,1909f56bfc062723c751e8b465ee728b)
Start importing Assets/Course Library/_Source_Files/Materials/SimplePeople_Doctor_Brown.mat using Guid(eb10910f153c6cc4585a14616bd3d32e) Importer(815301076,1909f56bfc062723c751e8b465ee728b)  -> (artifact id: 'f7e26ddb410f07dffeb76afc26e02128') in 0.012421 seconds
  Import took 0.013985 seconds .

========================================================================
Received Import Request.
  Time since last request: 0.000160 seconds.
  path: Assets/Course Library/_Source_Files/Materials/SimplePeople_Doctor_Black.mat
  artifactKey: Guid(fbe960bc30150b14789f737d9e137d68) Importer(815301076,1909f56bfc062723c751e8b465ee728b)
Start importing Assets/Course Library/_Source_Files/Materials/SimplePeople_Doctor_Black.mat using Guid(fbe960bc30150b14789f737d9e137d68) Importer(815301076,1909f56bfc062723c751e8b465ee728b)  -> (artifact id: '85219834139e87355a4bfebb9ec39bef') in 0.012368 seconds
  Import took 0.013930 seconds .

========================================================================
Received Import Request.
  Time since last request: 0.000195 seconds.
  path: Assets/Course Library/_Source_Files/Materials/SimplePeople_Doctor_White.mat
  artifactKey: Guid(ce7f710feeb678b41b9487e80c4b85dd) Importer(815301076,1909f56bfc062723c751e8b465ee728b)
Start importing Assets/Course Library/_Source_Files/Materials/SimplePeople_Doctor_White.mat using Guid(ce7f710feeb678b41b9487e80c4b85dd) Importer(815301076,1909f56bfc062723c751e8b465ee728b)  -> (artifact id: 'e792d089e40159840d9b1e6080515db5') in 0.012050 seconds
  Import took 0.013943 seconds .

========================================================================
Received Import Request.
  Time since last request: 1.038946 seconds.
  path: Assets/Course Library/_Source_Files/Materials/SimplePeople_BusinessMan_Black.mat
  artifactKey: Guid(632309c76598ef2439d70d47bb507f87) Importer(815301076,1909f56bfc062723c751e8b465ee728b)
Start importing Assets/Course Library/_Source_Files/Materials/SimplePeople_BusinessMan_Black.mat using Guid(632309c76598ef2439d70d47bb507f87) Importer(815301076,1909f56bfc062723c751e8b465ee728b)  -> (artifact id: 'c21155e1a3bd1ada7d792f23698cb807') in 0.011543 seconds
  Import took 0.013243 seconds .

========================================================================
Received Import Request.
  Time since last request: 0.000236 seconds.
  path: Assets/Course Library/_Source_Files/Materials/SimplePeople_BusinessMan_Brown.mat
  artifactKey: Guid(af9d542d86ca4fc4f842a8266577ae5e) Importer(815301076,1909f56bfc062723c751e8b465ee728b)
Start importing Assets/Course Library/_Source_Files/Materials/SimplePeople_BusinessMan_Brown.mat using Guid(af9d542d86ca4fc4f842a8266577ae5e) Importer(815301076,1909f56bfc062723c751e8b465ee728b)  -> (artifact id: '050854ebbbf0d6f94df2323ee1aec3df') in 0.012602 seconds
  Import took 0.014285 seconds .

========================================================================
Received Import Request.
  Time since last request: 0.038844 seconds.
  path: Assets/Course Library/_Source_Files/Materials/SimpleFarmer_FarmWrangler_White.mat
  artifactKey: Guid(6bc0b76677d86c84bae40c11173940a2) Importer(815301076,1909f56bfc062723c751e8b465ee728b)
Start importing Assets/Course Library/_Source_Files/Materials/SimpleFarmer_FarmWrangler_White.mat using Guid(6bc0b76677d86c84bae40c11173940a2) Importer(815301076,1909f56bfc062723c751e8b465ee728b)  -> (artifact id: 'fc01871f003efcacb32c31c4368df2d3') in 0.011630 seconds
  Import took 0.013245 seconds .

========================================================================
Received Import Request.
  Time since last request: 0.000158 seconds.
  path: Assets/Course Library/_Source_Files/Materials/SimplePeople_BeachBabe_Black.mat
  artifactKey: Guid(a40e1f49699c0da4b878646e3acdfad8) Importer(815301076,1909f56bfc062723c751e8b465ee728b)
Start importing Assets/Course Library/_Source_Files/Materials/SimplePeople_BeachBabe_Black.mat using Guid(a40e1f49699c0da4b878646e3acdfad8) Importer(815301076,1909f56bfc062723c751e8b465ee728b)  -> (artifact id: '06a684709ed82e938ec57b11444d2abf') in 0.017518 seconds
  Import took 0.018988 seconds .

========================================================================
Received Import Request.
  Time since last request: 0.148105 seconds.
  path: Assets/Course Library/_Source_Files/Materials/SimpleFarmer_FarmWrangler_Black.mat
  artifactKey: Guid(9d9526852cc4b0b42bf5de686168e78d) Importer(815301076,1909f56bfc062723c751e8b465ee728b)
Start importing Assets/Course Library/_Source_Files/Materials/SimpleFarmer_FarmWrangler_Black.mat using Guid(9d9526852cc4b0b42bf5de686168e78d) Importer(815301076,1909f56bfc062723c751e8b465ee728b)  -> (artifact id: '43f1ee4b242309e24fd9fce8749062ce') in 0.013983 seconds
  Import took 0.015633 seconds .

========================================================================
Received Import Request.
  Time since last request: 0.000237 seconds.
  path: Assets/Course Library/_Source_Files/Materials/SimpleFarmer_FarmWrangler_Brown.mat
  artifactKey: Guid(98fbfc47bde97094b8c2f009de847406) Importer(815301076,1909f56bfc062723c751e8b465ee728b)
Start importing Assets/Course Library/_Source_Files/Materials/SimpleFarmer_FarmWrangler_Brown.mat using Guid(98fbfc47bde97094b8c2f009de847406) Importer(815301076,1909f56bfc062723c751e8b465ee728b)  -> (artifact id: 'd67d89c5ae9d3674408dbd51cdf2df02') in 0.014719 seconds
  Import took 0.016375 seconds .

========================================================================
Received Import Request.
  Time since last request: 0.000202 seconds.
  path: Assets/Course Library/_Source_Files/Materials/SimpleFarmer_FarmersWife_White.mat
  artifactKey: Guid(94bc80c9a69c60e40a7f3e87548db65e) Importer(815301076,1909f56bfc062723c751e8b465ee728b)
Start importing Assets/Course Library/_Source_Files/Materials/SimpleFarmer_FarmersWife_White.mat using Guid(94bc80c9a69c60e40a7f3e87548db65e) Importer(815301076,1909f56bfc062723c751e8b465ee728b)  -> (artifact id: '4ea2c6646b81c62235d5f675bf65a6c2') in 0.012709 seconds
  Import took 0.015594 seconds .

========================================================================
Received Import Request.
  Time since last request: 0.000329 seconds.
  path: Assets/Course Library/_Source_Files/Materials/SimpleFarmer_FarmersWife_Brown.mat
  artifactKey: Guid(dea8da5c59fb63f43bdae7f3ae6f83e9) Importer(815301076,1909f56bfc062723c751e8b465ee728b)
Start importing Assets/Course Library/_Source_Files/Materials/SimpleFarmer_FarmersWife_Brown.mat using Guid(dea8da5c59fb63f43bdae7f3ae6f83e9) Importer(815301076,1909f56bfc062723c751e8b465ee728b)  -> (artifact id: '4c77a7e37bab3b8808bdf76173dd7ec0') in 0.012919 seconds
  Import took 0.014672 seconds .

========================================================================
Received Import Request.
  Time since last request: 0.018167 seconds.
  path: Assets/Course Library/_Source_Files/Materials/SimpleFarmer_FarmersDaughter_Black.mat
  artifactKey: Guid(e4d5a3e7cf15bcd4a919ec0bb9c42188) Importer(815301076,1909f56bfc062723c751e8b465ee728b)
Start importing Assets/Course Library/_Source_Files/Materials/SimpleFarmer_FarmersDaughter_Black.mat using Guid(e4d5a3e7cf15bcd4a919ec0bb9c42188) Importer(815301076,1909f56bfc062723c751e8b465ee728b)  -> (artifact id: 'c90b4284faddd45a12c19c2f59c40347') in 0.016991 seconds
  Import took 0.018836 seconds .

========================================================================
Received Import Request.
  Time since last request: 0.000195 seconds.
  path: Assets/Course Library/_Source_Files/Materials/SimpleFarmer_FarmersWife_Black.mat
  artifactKey: Guid(f98c6192bf2545644bb912bfaf19f832) Importer(815301076,1909f56bfc062723c751e8b465ee728b)
Start importing Assets/Course Library/_Source_Files/Materials/SimpleFarmer_FarmersWife_Black.mat using Guid(f98c6192bf2545644bb912bfaf19f832) Importer(815301076,1909f56bfc062723c751e8b465ee728b)  -> (artifact id: '092cba90086ea9bd45b57c7c1b6bcdd4') in 0.012936 seconds
  Import took 0.014493 seconds .

========================================================================
Received Import Request.
  Time since last request: 0.000169 seconds.
  path: Assets/Course Library/_Source_Files/Materials/SimpleFarmer_FarmersDaughter_White.mat
  artifactKey: Guid(56ebc0202fbc1a24a960ec004e48a858) Importer(815301076,1909f56bfc062723c751e8b465ee728b)
Start importing Assets/Course Library/_Source_Files/Materials/SimpleFarmer_FarmersDaughter_White.mat using Guid(56ebc0202fbc1a24a960ec004e48a858) Importer(815301076,1909f56bfc062723c751e8b465ee728b)  -> (artifact id: '75b3273e6e9894ed6ace92e6da642307') in 0.012773 seconds
  Import took 0.014437 seconds .

========================================================================
Received Import Request.
  Time since last request: 0.000216 seconds.
  path: Assets/Course Library/_Source_Files/Materials/SimpleFarmer_FarmersDaughter_Brown.mat
  artifactKey: Guid(cc347604e888272408e91697907628e5) Importer(815301076,1909f56bfc062723c751e8b465ee728b)
Start importing Assets/Course Library/_Source_Files/Materials/SimpleFarmer_FarmersDaughter_Brown.mat using Guid(cc347604e888272408e91697907628e5) Importer(815301076,1909f56bfc062723c751e8b465ee728b)  -> (artifact id: '7cdbd8d11a1e93be704ea7cd10b2778c') in 0.013007 seconds
  Import took 0.014749 seconds .

========================================================================
Received Import Request.
  Time since last request: 0.086512 seconds.
  path: Assets/Course Library/_Source_Files/Materials/SimpleFarmer_Farmer_Brown.mat
  artifactKey: Guid(d4f57b669d9639544b1d50ba3f22dbe4) Importer(815301076,1909f56bfc062723c751e8b465ee728b)
Start importing Assets/Course Library/_Source_Files/Materials/SimpleFarmer_Farmer_Brown.mat using Guid(d4f57b669d9639544b1d50ba3f22dbe4) Importer(815301076,1909f56bfc062723c751e8b465ee728b)  -> (artifact id: '221ed1e917d5270ad1fff987a7b9e8a9') in 0.011535 seconds
  Import took 0.013130 seconds .

========================================================================
Received Import Request.
  Time since last request: 0.000223 seconds.
  path: Assets/Course Library/_Source_Files/Materials/SimpleFarmer_Farmer_White.mat
  artifactKey: Guid(76856409e42797647857f1675c1b6ef9) Importer(815301076,1909f56bfc062723c751e8b465ee728b)
Start importing Assets/Course Library/_Source_Files/Materials/SimpleFarmer_Farmer_White.mat using Guid(76856409e42797647857f1675c1b6ef9) Importer(815301076,1909f56bfc062723c751e8b465ee728b)  -> (artifact id: 'd629fe43f3479655c4bfc325729736c1') in 0.012497 seconds
  Import took 0.014007 seconds .

========================================================================
Received Import Request.
  Time since last request: 0.045746 seconds.
  path: Assets/Course Library/_Source_Files/Materials/PolygonPrototype_Texture_01.mat
  artifactKey: Guid(41680dad0f0243748b4e228f49a2e3c4) Importer(815301076,1909f56bfc062723c751e8b465ee728b)
Start importing Assets/Course Library/_Source_Files/Materials/PolygonPrototype_Texture_01.mat using Guid(41680dad0f0243748b4e228f49a2e3c4) Importer(815301076,1909f56bfc062723c751e8b465ee728b)  -> (artifact id: 'e09e197f5fa9734114d763463a74ebc7') in 0.019357 seconds
  Import took 0.020962 seconds .

========================================================================
Received Import Request.
  Time since last request: 0.000160 seconds.
  path: Assets/Course Library/_Source_Files/Materials/SimpleFarmer_Farmer_Black.mat
  artifactKey: Guid(4ffb04dab08f3bc46b4bae49c8873e63) Importer(815301076,1909f56bfc062723c751e8b465ee728b)
Start importing Assets/Course Library/_Source_Files/Materials/SimpleFarmer_Farmer_Black.mat using Guid(4ffb04dab08f3bc46b4bae49c8873e63) Importer(815301076,1909f56bfc062723c751e8b465ee728b)  -> (artifact id: '922db886764fba95ee70c004e7b3f646') in 0.016452 seconds
  Import took 0.017965 seconds .

========================================================================
Received Import Request.
  Time since last request: 0.000158 seconds.
  path: Assets/Course Library/_Source_Files/Materials/PolygonNature_01.mat
  artifactKey: Guid(b72e16591230315448c77c827b522ae1) Importer(815301076,1909f56bfc062723c751e8b465ee728b)
Start importing Assets/Course Library/_Source_Files/Materials/PolygonNature_01.mat using Guid(b72e16591230315448c77c827b522ae1) Importer(815301076,1909f56bfc062723c751e8b465ee728b)  -> (artifact id: '0a10a4b432a92c2a2e6d566198ae4071') in 0.023671 seconds
  Import took 0.025205 seconds .

========================================================================
Received Import Request.
  Time since last request: 0.000161 seconds.
  path: Assets/Course Library/_Source_Files/Materials/Prop_Signs_00.mat
  artifactKey: Guid(16907a240f508cc46bb9ee1d37bc94ec) Importer(815301076,1909f56bfc062723c751e8b465ee728b)
Start importing Assets/Course Library/_Source_Files/Materials/Prop_Signs_00.mat using Guid(16907a240f508cc46bb9ee1d37bc94ec) Importer(815301076,1909f56bfc062723c751e8b465ee728b)  -> (artifact id: '5cd95408a01363b091abcb6d9c6e1c1a') in 0.011875 seconds
  Import took 0.013447 seconds .

========================================================================
Received Import Request.
  Time since last request: 0.000175 seconds.
  path: Assets/Course Library/_Source_Files/Materials/FX_Base.mat
  artifactKey: Guid(a0cec58fc32f482418596ffdf7c0d693) Importer(815301076,1909f56bfc062723c751e8b465ee728b)
Start importing Assets/Course Library/_Source_Files/Materials/FX_Base.mat using Guid(a0cec58fc32f482418596ffdf7c0d693) Importer(815301076,1909f56bfc062723c751e8b465ee728b)  -> (artifact id: '93bdc25df2d9cf8f44f6e6db072f73dd') in 0.008879 seconds
  Import took 0.010501 seconds .

========================================================================
Received Import Request.
  Time since last request: 0.000169 seconds.
  path: Assets/Course Library/_Source_Files/Materials/MilitaryProps.mat
  artifactKey: Guid(af9d3101091f90d4db78a2097d5dcb84) Importer(815301076,1909f56bfc062723c751e8b465ee728b)
Start importing Assets/Course Library/_Source_Files/Materials/MilitaryProps.mat using Guid(af9d3101091f90d4db78a2097d5dcb84) Importer(815301076,1909f56bfc062723c751e8b465ee728b)  -> (artifact id: '4b0dccdff1c422ea48f17c134d734920') in 0.014066 seconds
  Import took 0.016082 seconds .

========================================================================
Received Import Request.
  Time since last request: 0.000146 seconds.
  path: Assets/Course Library/_Source_Files/Materials/PolygonPrototype_Texture_04.mat
  artifactKey: Guid(7d22fc6b9a431b043a917fb89a80bcfc) Importer(815301076,1909f56bfc062723c751e8b465ee728b)
Start importing Assets/Course Library/_Source_Files/Materials/PolygonPrototype_Texture_04.mat using Guid(7d22fc6b9a431b043a917fb89a80bcfc) Importer(815301076,1909f56bfc062723c751e8b465ee728b)  -> (artifact id: '9cd8d6b3e7d66a27f64e133000d005f0') in 0.016133 seconds
  Import took 0.017843 seconds .

========================================================================
Received Import Request.
  Time since last request: 0.007970 seconds.
  path: Assets/Course Library/_Source_Files/Materials/PolygonPrototype_Texture_04.mat
  artifactKey: Guid(7d22fc6b9a431b043a917fb89a80bcfc) Importer(815301076,1909f56bfc062723c751e8b465ee728b)
Start importing Assets/Course Library/_Source_Files/Materials/PolygonPrototype_Texture_04.mat using Guid(7d22fc6b9a431b043a917fb89a80bcfc) Importer(815301076,1909f56bfc062723c751e8b465ee728b)  -> (artifact id: '9cd8d6b3e7d66a27f64e133000d005f0') in 0.014969 seconds
  Import took 0.017414 seconds .

========================================================================
Received Import Request.
  Time since last request: 52.545476 seconds.
  path: Assets/Course Library/_Source_Files
  artifactKey: Guid(8ad99b1e1c794459f92ac7d11d87e86b) Importer(815301076,1909f56bfc062723c751e8b465ee728b)
Start importing Assets/Course Library/_Source_Files using Guid(8ad99b1e1c794459f92ac7d11d87e86b) Importer(815301076,1909f56bfc062723c751e8b465ee728b)  -> (artifact id: '60322d65f0167448fe3a68c908b7ea2b') in 0.002045 seconds
  Import took 0.004134 seconds .

========================================================================
Received Import Request.
  Time since last request: 0.000953 seconds.
  path: Assets/Course Library/_Source_Files
  artifactKey: Guid(8ad99b1e1c794459f92ac7d11d87e86b) Importer(815301076,1909f56bfc062723c751e8b465ee728b)
Start importing Assets/Course Library/_Source_Files using Guid(8ad99b1e1c794459f92ac7d11d87e86b) Importer(815301076,1909f56bfc062723c751e8b465ee728b)  -> (artifact id: '60322d65f0167448fe3a68c908b7ea2b') in 0.002001 seconds
  Import took 0.003770 seconds .

========================================================================
Received Import Request.
  Time since last request: 0.847310 seconds.
  path: Assets/Course Library/images.jfif
  artifactKey: Guid(b2992fd7abf8d8c418ccbe066c66b178) Importer(815301076,1909f56bfc062723c751e8b465ee728b)
Start importing Assets/Course Library/images.jfif using Guid(b2992fd7abf8d8c418ccbe066c66b178) Importer(815301076,1909f56bfc062723c751e8b465ee728b)  -> (artifact id: 'a27bc94713e206aa69c8f9146162fa35') in 0.007676 seconds
  Import took 0.009235 seconds .

========================================================================
Received Import Request.
  Time since last request: 30.288402 seconds.
  path: Assets/Course Library/asfalt.mat
  artifactKey: Guid(a663a580cd7632a46bd4f8d464964797) Importer(815301076,1909f56bfc062723c751e8b465ee728b)
Start importing Assets/Course Library/asfalt.mat using Guid(a663a580cd7632a46bd4f8d464964797) Importer(815301076,1909f56bfc062723c751e8b465ee728b)  -> (artifact id: '14184d7b44f293e54d1fee4c566c30d9') in 0.010958 seconds
  Import took 0.012685 seconds .

========================================================================
Received Import Request.
  Time since last request: 98.333388 seconds.
  path: Assets/Course Library/a31f779a1513253afd20fe5d777e005b.jpg
  artifactKey: Guid(2e96a361c1111d04ab37237ab76b06c4) Importer(815301076,1909f56bfc062723c751e8b465ee728b)
Start importing Assets/Course Library/a31f779a1513253afd20fe5d777e005b.jpg using Guid(2e96a361c1111d04ab37237ab76b06c4) Importer(815301076,1909f56bfc062723c751e8b465ee728b)  -> (artifact id: 'd8f5890ffdfdee10ff6a2ab834f165dc') in 0.020310 seconds
  Import took 0.022909 seconds .

========================================================================
Received Prepare
Registering precompiled user dll's ...
Registered in 0.000853 seconds.
Begin MonoManager ReloadAssembly
Native extension for WindowsStandalone target not found
Refreshing native plugins compatible for Editor in 0.24 ms, found 0 plugins.
Preloading 0 native plugins for Editor in 0.00 ms.
Invoked RoslynAnalysisRunner static constructor.
RoslynAnalysisRunner will not be running.
RoslynAnalysisRunner has terminated.
Mono: successfully reloaded assembly
- Completed reload, in  0.945 seconds
Platform modules already initialized, skipping
Refreshing native plugins compatible for Editor in 0.26 ms, found 0 plugins.
Preloading 0 native plugins for Editor in 0.00 ms.
Unloading 1102 Unused Serialized files (Serialized files now loaded: 0)
System memory in use before: 60.7 MB.
System memory in use after: 60.7 MB.

Unloading 5 unused Assets to reduce memory usage. Loaded Objects now: 1610.
Total: 1.782600 ms (FindLiveObjects: 0.228600 ms CreateObjectMapping: 0.062200 ms MarkObjects: 1.441900 ms  DeleteObjects: 0.047400 ms)

========================================================================
Received Prepare
Registering precompiled user dll's ...
Registered in 0.001156 seconds.
Begin MonoManager ReloadAssembly
Native extension for WindowsStandalone target not found
Refreshing native plugins compatible for Editor in 0.20 ms, found 0 plugins.
Preloading 0 native plugins for Editor in 0.00 ms.
Invoked RoslynAnalysisRunner static constructor.
RoslynAnalysisRunner will not be running.
RoslynAnalysisRunner has terminated.
Mono: successfully reloaded assembly
- Completed reload, in  0.690 seconds
Platform modules already initialized, skipping
Refreshing native plugins compatible for Editor in 0.19 ms, found 0 plugins.
Preloading 0 native plugins for Editor in 0.00 ms.
Unloading 1102 Unused Serialized files (Serialized files now loaded: 0)
System memory in use before: 60.7 MB.
System memory in use after: 60.8 MB.

Unloading 5 unused Assets to reduce memory usage. Loaded Objects now: 1612.
Total: 1.337300 ms (FindLiveObjects: 0.129800 ms CreateObjectMapping: 0.034700 ms MarkObjects: 1.132900 ms  DeleteObjects: 0.039000 ms)

========================================================================
Received Prepare
Registering precompiled user dll's ...
Registered in 0.000775 seconds.
Begin MonoManager ReloadAssembly
Native extension for WindowsStandalone target not found
Refreshing native plugins compatible for Editor in 0.19 ms, found 0 plugins.
Preloading 0 native plugins for Editor in 0.00 ms.
Invoked RoslynAnalysisRunner static constructor.
RoslynAnalysisRunner will not be running.
RoslynAnalysisRunner has terminated.
Mono: successfully reloaded assembly
- Completed reload, in  0.617 seconds
Platform modules already initialized, skipping
Refreshing native plugins compatible for Editor in 0.18 ms, found 0 plugins.
Preloading 0 native plugins for Editor in 0.00 ms.
Unloading 1102 Unused Serialized files (Serialized files now loaded: 0)
System memory in use before: 60.7 MB.
System memory in use after: 60.8 MB.

Unloading 5 unused Assets to reduce memory usage. Loaded Objects now: 1614.
Total: 1.418600 ms (FindLiveObjects: 0.118900 ms CreateObjectMapping: 0.033900 ms MarkObjects: 1.225400 ms  DeleteObjects: 0.039400 ms)

========================================================================
Received Prepare
Registering precompiled user dll's ...
Registered in 0.000570 seconds.
Begin MonoManager ReloadAssembly
Native extension for WindowsStandalone target not found
Refreshing native plugins compatible for Editor in 0.18 ms, found 0 plugins.
Preloading 0 native plugins for Editor in 0.00 ms.
Invoked RoslynAnalysisRunner static constructor.
RoslynAnalysisRunner will not be running.
RoslynAnalysisRunner has terminated.
Mono: successfully reloaded assembly
- Completed reload, in  0.604 seconds
Platform modules already initialized, skipping
Refreshing native plugins compatible for Editor in 0.19 ms, found 0 plugins.
Preloading 0 native plugins for Editor in 0.00 ms.
Unloading 1102 Unused Serialized files (Serialized files now loaded: 0)
System memory in use before: 60.7 MB.
System memory in use after: 60.8 MB.

Unloading 5 unused Assets to reduce memory usage. Loaded Objects now: 1616.
Total: 1.227700 ms (FindLiveObjects: 0.108500 ms CreateObjectMapping: 0.029400 ms MarkObjects: 1.051100 ms  DeleteObjects: 0.037200 ms)

========================================================================
Received Import Request.
  Time since last request: 1980.339169 seconds.
  path: Assets/Course Library/_Source_Files/FBX/Animations/SimpleCharacter_5.0.controller
  artifactKey: Guid(1de385df2ff713a41adfcbbb63b8af91) Importer(815301076,1909f56bfc062723c751e8b465ee728b)
Start importing Assets/Course Library/_Source_Files/FBX/Animations/SimpleCharacter_5.0.controller using Guid(1de385df2ff713a41adfcbbb63b8af91) Importer(815301076,1909f56bfc062723c751e8b465ee728b)  -> (artifact id: '90eeeb94e4a58ade9c5a791c826a8d42') in 0.050625 seconds
  Import took 0.054478 seconds .

========================================================================
Received Prepare
Registering precompiled user dll's ...
Registered in 0.000561 seconds.
Begin MonoManager ReloadAssembly
Native extension for WindowsStandalone target not found
Refreshing native plugins compatible for Editor in 0.18 ms, found 0 plugins.
Preloading 0 native plugins for Editor in 0.00 ms.
Invoked RoslynAnalysisRunner static constructor.
RoslynAnalysisRunner will not be running.
RoslynAnalysisRunner has terminated.
Mono: successfully reloaded assembly
- Completed reload, in  0.625 seconds
Platform modules already initialized, skipping
Refreshing native plugins compatible for Editor in 0.20 ms, found 0 plugins.
Preloading 0 native plugins for Editor in 0.00 ms.
Unloading 1102 Unused Serialized files (Serialized files now loaded: 0)
System memory in use before: 60.7 MB.
System memory in use after: 60.8 MB.

Unloading 5 unused Assets to reduce memory usage. Loaded Objects now: 1618.
Total: 1.400600 ms (FindLiveObjects: 0.099100 ms CreateObjectMapping: 0.026900 ms MarkObjects: 1.241200 ms  DeleteObjects: 0.032800 ms)

========================================================================
Received Prepare
Registering precompiled user dll's ...
Registered in 0.000650 seconds.
Begin MonoManager ReloadAssembly
Native extension for WindowsStandalone target not found
Refreshing native plugins compatible for Editor in 0.18 ms, found 0 plugins.
Preloading 0 native plugins for Editor in 0.00 ms.
Invoked RoslynAnalysisRunner static constructor.
RoslynAnalysisRunner will not be running.
RoslynAnalysisRunner has terminated.
Mono: successfully reloaded assembly
- Completed reload, in  0.603 seconds
Platform modules already initialized, skipping
Refreshing native plugins compatible for Editor in 0.18 ms, found 0 plugins.
Preloading 0 native plugins for Editor in 0.00 ms.
Unloading 1102 Unused Serialized files (Serialized files now loaded: 0)
System memory in use before: 60.7 MB.
System memory in use after: 60.8 MB.

Unloading 5 unused Assets to reduce memory usage. Loaded Objects now: 1620.
Total: 1.565800 ms (FindLiveObjects: 0.157500 ms CreateObjectMapping: 0.036100 ms MarkObjects: 1.335300 ms  DeleteObjects: 0.036100 ms)

========================================================================
Received Prepare
Registering precompiled user dll's ...
Registered in 0.000543 seconds.
Begin MonoManager ReloadAssembly
Native extension for WindowsStandalone target not found
Refreshing native plugins compatible for Editor in 0.18 ms, found 0 plugins.
Preloading 0 native plugins for Editor in 0.00 ms.
Invoked RoslynAnalysisRunner static constructor.
RoslynAnalysisRunner will not be running.
RoslynAnalysisRunner has terminated.
Mono: successfully reloaded assembly
- Completed reload, in  0.619 seconds
Platform modules already initialized, skipping
Refreshing native plugins compatible for Editor in 0.18 ms, found 0 plugins.
Preloading 0 native plugins for Editor in 0.00 ms.
Unloading 1102 Unused Serialized files (Serialized files now loaded: 0)
System memory in use before: 60.7 MB.
System memory in use after: 60.8 MB.

Unloading 5 unused Assets to reduce memory usage. Loaded Objects now: 1622.
Total: 1.355000 ms (FindLiveObjects: 0.125600 ms CreateObjectMapping: 0.031300 ms MarkObjects: 1.157400 ms  DeleteObjects: 0.039600 ms)

========================================================================
Received Import Request.
  Time since last request: 2307.068981 seconds.
  path: Assets/Course Library/asfalt.mat
  artifactKey: Guid(a663a580cd7632a46bd4f8d464964797) Importer(815301076,1909f56bfc062723c751e8b465ee728b)
Start importing Assets/Course Library/asfalt.mat using Guid(a663a580cd7632a46bd4f8d464964797) Importer(815301076,1909f56bfc062723c751e8b465ee728b)  -> (artifact id: '281af455c58cdcd437a384c4ee739524') in 0.047380 seconds
  Import took 0.049091 seconds .

AssetImportWorkerClient::OnTransportError - code=2 error=End of file
